<?xml version="1.0" encoding="UTF-8"?>
<!-- Generated by org.testng.reporters.JUnitXMLReporter -->
<testsuite hostname="DESKTOP-KRLAL0I" ignored="0" name="Default test" tests="4" failures="0" timestamp="15 May 2019 16:52:31 GMT" time="77.852" errors="0">
  <testcase name="checkboxTest" time="0.215" classname="com.project.Flipkart.CheckBox1"/>
  <testcase name="launch" time="7.417" classname="com.project.Flipkart.TC_001"/>
  <testcase name="linktesting1" time="1.854" classname="com.project.Flipkart.LinksTesting1"/>
  <testcase name="RadioButtonTest" time="0.281" classname="com.project.Flipkart.RadioButton1"/>
</testsuite> <!-- Default test -->
