<?xml version="1.0" encoding="UTF-8"?>
<!-- Generated by org.testng.reporters.JUnitXMLReporter -->
<testsuite hostname="DESKTOP-KRLAL0I" ignored="2" name="ChromeTest" tests="2" failures="0" timestamp="17 May 2019 16:52:12 GMT" time="32.232" errors="0">
  <testcase name="RadioButtonTest" time="0.422" classname="com.project.Flipkart.RadioButton1"/>
  <testcase name="checkboxTest" time="0.612" classname="com.project.Flipkart.CheckBox1"/>
  <testcase name="linktesting1" time="0.0" classname="com.project.Flipkart.LinksTesting1">
    <ignored/>
  </testcase> <!-- linktesting1 -->
  <testcase name="launch" time="0.0" classname="com.project.Flipkart.TC_001">
    <ignored/>
  </testcase> <!-- launch -->
</testsuite> <!-- ChromeTest -->
