<?xml version="1.0" encoding="UTF-8"?>
<testng-results skipped="0" failed="0" ignored="0" total="1" passed="1">
  <reporter-output>
  </reporter-output>
  <suite name="Default suite" duration-ms="22522" started-at="2019-04-26T16:50:22Z" finished-at="2019-04-26T16:50:44Z">
    <groups>
    </groups>
    <test name="Default test" duration-ms="22522" started-at="2019-04-26T16:50:22Z" finished-at="2019-04-26T16:50:44Z">
      <class name="errorScreenShots.ScreenshotOnFailure">
        <test-method status="PASS" signature="setUp()[pri:0, instance:errorScreenShots.ScreenshotOnFailure@3ffc5af1]" name="setUp" is-config="true" duration-ms="7784" started-at="2019-04-26T16:50:22Z" finished-at="2019-04-26T16:50:29Z">
          <reporter-output>
          </reporter-output>
        </test-method> <!-- setUp -->
        <test-method status="PASS" signature="getScreenshot()[pri:0, instance:errorScreenShots.ScreenshotOnFailure@3ffc5af1]" name="getScreenshot" duration-ms="13927" started-at="2019-04-26T16:50:29Z" finished-at="2019-04-26T16:50:43Z">
          <reporter-output>
          </reporter-output>
        </test-method> <!-- getScreenshot -->
        <test-method status="PASS" signature="tearDown()[pri:0, instance:errorScreenShots.ScreenshotOnFailure@3ffc5af1]" name="tearDown" is-config="true" duration-ms="762" started-at="2019-04-26T16:50:43Z" finished-at="2019-04-26T16:50:44Z">
          <reporter-output>
          </reporter-output>
        </test-method> <!-- tearDown -->
      </class> <!-- errorScreenShots.ScreenshotOnFailure -->
    </test> <!-- Default test -->
  </suite> <!-- Default suite -->
</testng-results>
