<?xml version="1.0" encoding="UTF-8"?>
<!-- Generated by org.testng.reporters.JUnitXMLReporter -->
<testsuite hostname="DESKTOP-KRLAL0I" ignored="0" name="Smoke test" tests="4" failures="0" timestamp="17 May 2019 16:12:58 GMT" time="72.533" errors="0">
  <testcase name="checkboxTest" time="0.4" classname="com.project.Flipkart.CheckBox1"/>
  <testcase name="launch" time="9.553" classname="com.project.Flipkart.TC_001"/>
  <testcase name="linktesting1" time="1.714" classname="com.project.Flipkart.LinksTesting1"/>
  <testcase name="RadioButtonTest" time="0.271" classname="com.project.Flipkart.RadioButton1"/>
</testsuite> <!-- Smoke test -->
